DataMigrationUtility.Export	Information	8	12/9/2022 8:00:25 PM  *********************************************************
DataMigrationUtility.Export	Information	8	12/9/2022 8:00:25 PM  ** BEGIN EXPORT PROCESS **
DataMigrationUtility.Export	Information	8	12/9/2022 8:00:25 PM  ** Log Start local: 12/9/2022 8:00:25 PM, UTC: 12/9/2022 8:00:25 PM
DataMigrationUtility.Export	Information	8	12/9/2022 8:00:25 PM  ** Export Files: False
DataMigrationUtility.Export	Information	8	12/9/2022 8:00:25 PM  Temporary ExportData Directory: C:\Users\VssAdministrator\AppData\Local\Temp\1osbnoev.hcm
DataMigrationUtility.Export	Information	8	12/9/2022 8:00:25 PM  Deserialize Schema information
DataMigrationUtility.Export	Information	8	12/9/2022 8:00:25 PM  Validating schema
DataMigrationUtility.Export	Information	8	12/9/2022 8:00:27 PM  Starting Entity Export Process
DataMigrationUtility.Export	Information	8	12/9/2022 8:00:27 PM  *********************************************************
DataMigrationUtility.Export	Information	8	12/9/2022 8:00:27 PM  ** Exporting Entity fdr_costrecoveryattribute **
DataMigrationUtility.Export	Information	8	12/9/2022 8:00:27 PM  *********************************************************
DataMigrationUtility.Export	Information	8	12/9/2022 8:00:27 PM  Found 40 rows for fdr_costrecoveryattribute entity
DataMigrationUtility.Export	Information	8	12/9/2022 8:00:27 PM  Processing Cost Recovery Attribute rows for 40 to export stream
DataMigrationUtility.Export	Information	8	12/9/2022 8:00:27 PM  *********************************************************
DataMigrationUtility.Export	Information	8	12/9/2022 8:00:27 PM  ** Exporting Entity fdr_containerfunction **
DataMigrationUtility.Export	Information	8	12/9/2022 8:00:27 PM  *********************************************************
DataMigrationUtility.Export	Information	8	12/9/2022 8:00:28 PM  Found 110 rows for fdr_containerfunction entity
DataMigrationUtility.Export	Information	8	12/9/2022 8:00:28 PM  Processing Container Function rows for 110 to export stream
DataMigrationUtility.Export	Information	8	12/9/2022 8:00:28 PM  *********************************************************
DataMigrationUtility.Export	Information	8	12/9/2022 8:00:28 PM  ** Exporting Entity fdr_certification **
DataMigrationUtility.Export	Information	8	12/9/2022 8:00:28 PM  *********************************************************
DataMigrationUtility.Export	Information	8	12/9/2022 8:00:28 PM  Found 6 rows for fdr_certification entity
DataMigrationUtility.Export	Information	8	12/9/2022 8:00:28 PM  Processing FDR Certification rows for 6 to export stream
DataMigrationUtility.Export	Information	8	12/9/2022 8:00:28 PM  *********************************************************
DataMigrationUtility.Export	Information	8	12/9/2022 8:00:28 PM  ** Exporting Entity fdr_program **
DataMigrationUtility.Export	Information	8	12/9/2022 8:00:28 PM  *********************************************************
DataMigrationUtility.Export	Information	8	12/9/2022 8:00:28 PM  Found 5 rows for fdr_program entity
DataMigrationUtility.Export	Information	8	12/9/2022 8:00:28 PM  Processing FDR Program rows for 5 to export stream
DataMigrationUtility.Export	Information	8	12/9/2022 8:00:28 PM  *********************************************************
DataMigrationUtility.Export	Information	8	12/9/2022 8:00:28 PM  ** Exporting Entity fdr_function **
DataMigrationUtility.Export	Information	8	12/9/2022 8:00:28 PM  *********************************************************
DataMigrationUtility.Export	Information	8	12/9/2022 8:00:28 PM  Found 82 rows for fdr_function entity
DataMigrationUtility.Export	Information	8	12/9/2022 8:00:28 PM  Processing Function rows for 82 to export stream
DataMigrationUtility.Export	Information	8	12/9/2022 8:00:28 PM  *********************************************************
DataMigrationUtility.Export	Information	8	12/9/2022 8:00:28 PM  ** Exporting Entity fdr_limitation **
DataMigrationUtility.Export	Information	8	12/9/2022 8:00:28 PM  *********************************************************
DataMigrationUtility.Export	Information	8	12/9/2022 8:00:28 PM  Found 15 rows for fdr_limitation entity
DataMigrationUtility.Export	Information	8	12/9/2022 8:00:28 PM  Processing Limitation rows for 15 to export stream
DataMigrationUtility.Export	Information	8	12/9/2022 8:00:28 PM  *********************************************************
DataMigrationUtility.Export	Information	8	12/9/2022 8:00:28 PM  ** Exporting Entity fdr_containertype **
DataMigrationUtility.Export	Information	8	12/9/2022 8:00:28 PM  *********************************************************
DataMigrationUtility.Export	Information	8	12/9/2022 8:00:28 PM  Found 21 rows for fdr_containertype entity
DataMigrationUtility.Export	Information	8	12/9/2022 8:00:28 PM  Processing Registration Type rows for 21 to export stream
DataMigrationUtility.Export	Information	8	12/9/2022 8:00:28 PM  *********************************************************
DataMigrationUtility.Export	Information	8	12/9/2022 8:00:28 PM  ** Exporting Entity fdr_specification **
DataMigrationUtility.Export	Information	8	12/9/2022 8:00:28 PM  *********************************************************
DataMigrationUtility.Export	Information	8	12/9/2022 8:00:28 PM  Found 346 rows for fdr_specification entity
DataMigrationUtility.Export	Information	8	12/9/2022 8:00:28 PM  Processing Specification rows for 346 to export stream
DataMigrationUtility.Export	Information	8	12/9/2022 8:00:46 PM  *********************************************************
DataMigrationUtility.Export	Information	8	12/9/2022 8:00:46 PM  ** Exporting Entity msdyn_servicetasktype **
DataMigrationUtility.Export	Information	8	12/9/2022 8:00:46 PM  *********************************************************
DataMigrationUtility.Export	Information	8	12/9/2022 8:00:46 PM  Found 10 rows for msdyn_servicetasktype entity
DataMigrationUtility.Export	Information	8	12/9/2022 8:00:46 PM  Processing Service Task Type rows for 10 to export stream
DataMigrationUtility.Export	Information	8	12/9/2022 8:00:46 PM  *********************************************************
DataMigrationUtility.Export	Information	8	12/9/2022 8:00:46 PM  ** Exporting Entity fdr_designmarkingrequirement **
DataMigrationUtility.Export	Information	8	12/9/2022 8:00:46 PM  *********************************************************
DataMigrationUtility.Export	Information	8	12/9/2022 8:00:47 PM  Found 329 rows for fdr_designmarkingrequirement entity
DataMigrationUtility.Export	Information	8	12/9/2022 8:00:47 PM  Processing Design Marking Requirement rows for 329 to export stream
DataMigrationUtility.Export	Information	8	12/9/2022 8:00:47 PM  Exporting of files is disabled. Skipping
DataMigrationUtility.Export	Information	8	12/9/2022 8:00:47 PM  Entity Export Process Complete
DataMigrationUtility.Export	Information	8	12/9/2022 8:00:47 PM  Writting output file : C:\Users\VssAdministrator\AppData\Local\Temp\1osbnoev.hcm\data.xml
DataMigrationUtility.Export	Information	8	12/9/2022 8:00:47 PM  Creating data zip file
DataMigrationUtility.Export	Information	8	12/9/2022 8:00:47 PM  D:\a\_temp/MasterData-FDR.zip Adding C:\Users\VssAdministrator\AppData\Local\Temp\1osbnoev.hcm\data.xml
DataMigrationUtility.Export	Information	8	12/9/2022 8:00:47 PM  D:\a\_temp/MasterData-FDR.zip Adding C:\Users\VssAdministrator\AppData\Local\Temp\1osbnoev.hcm\data_schema.xml
DataMigrationUtility.Export	Information	8	12/9/2022 8:00:47 PM  *********************************************************
DataMigrationUtility.Export	Information	8	12/9/2022 8:00:47 PM  Data Exported Successfully
DataMigrationUtility.Export	Information	8	12/9/2022 8:00:47 PM  *********************************************************
