DataMigrationUtility.Export	Information	8	8/20/2022 12:29:50 AM  *********************************************************
DataMigrationUtility.Export	Information	8	8/20/2022 12:29:50 AM  ** BEGIN EXPORT PROCESS **
DataMigrationUtility.Export	Information	8	8/20/2022 12:29:50 AM  ** Log Start: 08/20/2022 00:29:50
DataMigrationUtility.Export	Information	8	8/20/2022 12:29:50 AM  Deserialize Schema information
DataMigrationUtility.Export	Information	8	8/20/2022 12:29:52 AM  Starting Entity Export Process
DataMigrationUtility.Export	Information	8	8/20/2022 12:29:52 AM  *********************************************************
DataMigrationUtility.Export	Information	8	8/20/2022 12:29:52 AM  ** Exporting Entity fdr_costrecoveryattribute **
DataMigrationUtility.Export	Information	8	8/20/2022 12:29:52 AM  Processing fdr_costrecoveryattribute
DataMigrationUtility.Export	Information	8	8/20/2022 12:29:53 AM  Found 40 rows for fdr_costrecoveryattribute entity
DataMigrationUtility.Export	Information	8	8/20/2022 12:29:53 AM  Processing Cost Recovery Attribute rows for 40 to export stream
DataMigrationUtility.Export	Information	8	8/20/2022 12:29:53 AM  *********************************************************
DataMigrationUtility.Export	Information	8	8/20/2022 12:29:53 AM  ** Exporting Entity fdr_containerfunction **
DataMigrationUtility.Export	Information	8	8/20/2022 12:29:53 AM  Processing fdr_containerfunction
DataMigrationUtility.Export	Information	8	8/20/2022 12:29:53 AM  Found 106 rows for fdr_containerfunction entity
DataMigrationUtility.Export	Information	8	8/20/2022 12:29:53 AM  Processing Container Function rows for 106 to export stream
DataMigrationUtility.Export	Information	8	8/20/2022 12:29:53 AM  *********************************************************
DataMigrationUtility.Export	Information	8	8/20/2022 12:29:53 AM  ** Exporting Entity fdr_certification **
DataMigrationUtility.Export	Information	8	8/20/2022 12:29:53 AM  Processing fdr_certification
DataMigrationUtility.Export	Information	8	8/20/2022 12:29:53 AM  Found 4 rows for fdr_certification entity
DataMigrationUtility.Export	Information	8	8/20/2022 12:29:53 AM  Processing FDR Certification rows for 4 to export stream
DataMigrationUtility.Export	Information	8	8/20/2022 12:29:53 AM  *********************************************************
DataMigrationUtility.Export	Information	8	8/20/2022 12:29:53 AM  ** Exporting Entity fdr_program **
DataMigrationUtility.Export	Information	8	8/20/2022 12:29:53 AM  Processing fdr_program
DataMigrationUtility.Export	Information	8	8/20/2022 12:29:53 AM  Found 4 rows for fdr_program entity
DataMigrationUtility.Export	Information	8	8/20/2022 12:29:53 AM  Processing FDR Program rows for 4 to export stream
DataMigrationUtility.Export	Information	8	8/20/2022 12:29:53 AM  *********************************************************
DataMigrationUtility.Export	Information	8	8/20/2022 12:29:53 AM  ** Exporting Entity fdr_function **
DataMigrationUtility.Export	Information	8	8/20/2022 12:29:53 AM  Processing fdr_function
DataMigrationUtility.Export	Information	8	8/20/2022 12:29:53 AM  Found 81 rows for fdr_function entity
DataMigrationUtility.Export	Information	8	8/20/2022 12:29:53 AM  Processing Function rows for 81 to export stream
DataMigrationUtility.Export	Information	8	8/20/2022 12:29:53 AM  *********************************************************
DataMigrationUtility.Export	Information	8	8/20/2022 12:29:53 AM  ** Exporting Entity fdr_limitation **
DataMigrationUtility.Export	Information	8	8/20/2022 12:29:53 AM  Processing fdr_limitation
DataMigrationUtility.Export	Information	8	8/20/2022 12:29:53 AM  Found 7 rows for fdr_limitation entity
DataMigrationUtility.Export	Information	8	8/20/2022 12:29:53 AM  Processing Limitation rows for 7 to export stream
DataMigrationUtility.Export	Information	8	8/20/2022 12:29:53 AM  *********************************************************
DataMigrationUtility.Export	Information	8	8/20/2022 12:29:53 AM  ** Exporting Entity fdr_containertype **
DataMigrationUtility.Export	Information	8	8/20/2022 12:29:53 AM  Processing fdr_containertype
DataMigrationUtility.Export	Information	8	8/20/2022 12:29:53 AM  Found 21 rows for fdr_containertype entity
DataMigrationUtility.Export	Information	8	8/20/2022 12:29:53 AM  Processing Registration Type rows for 21 to export stream
DataMigrationUtility.Export	Information	8	8/20/2022 12:29:53 AM  *********************************************************
DataMigrationUtility.Export	Information	8	8/20/2022 12:29:53 AM  ** Exporting Entity fdr_specification **
DataMigrationUtility.Export	Information	8	8/20/2022 12:29:53 AM  Processing fdr_specification
DataMigrationUtility.Export	Information	8	8/20/2022 12:29:54 AM  Found 346 rows for fdr_specification entity
DataMigrationUtility.Export	Information	8	8/20/2022 12:29:54 AM  Processing Specification rows for 346 to export stream
DataMigrationUtility.Export	Information	8	8/20/2022 12:30:03 AM  *********************************************************
DataMigrationUtility.Export	Information	8	8/20/2022 12:30:03 AM  ** Exporting Entity msdyn_servicetasktype **
DataMigrationUtility.Export	Information	8	8/20/2022 12:30:03 AM  Processing msdyn_servicetasktype
DataMigrationUtility.Export	Information	8	8/20/2022 12:30:05 AM  Found 10 rows for msdyn_servicetasktype entity
DataMigrationUtility.Export	Information	8	8/20/2022 12:30:05 AM  Processing Service Task Type rows for 10 to export stream
DataMigrationUtility.Export	Information	8	8/20/2022 12:30:05 AM  *********************************************************
DataMigrationUtility.Export	Information	8	8/20/2022 12:30:05 AM  ** Exporting Entity fdr_designmarkingrequirement **
DataMigrationUtility.Export	Information	8	8/20/2022 12:30:05 AM  Processing fdr_designmarkingrequirement
DataMigrationUtility.Export	Information	8	8/20/2022 12:30:06 AM  Found 329 rows for fdr_designmarkingrequirement entity
DataMigrationUtility.Export	Information	8	8/20/2022 12:30:06 AM  Processing Design Marking Requirement rows for 329 to export stream
DataMigrationUtility.Export	Information	8	8/20/2022 12:30:06 AM  Entity Export Process Complete
DataMigrationUtility.Export	Information	8	8/20/2022 12:30:06 AM  Writting output file : D:\a\_temp\data.xml
DataMigrationUtility.Export	Information	8	8/20/2022 12:30:06 AM  D:\a\_temp/MasterData-FDR.zip Adding D:\a\1\s\ConfigurationMigration\schema\data_schema.xml
DataMigrationUtility.Export	Information	8	8/20/2022 12:30:06 AM  D:\a\_temp/MasterData-FDR.zip Adding D:\a\_temp\data.xml
DataMigrationUtility.Export	Information	8	8/20/2022 12:30:06 AM  *********************************************************
DataMigrationUtility.Export	Information	8	8/20/2022 12:30:06 AM  Data Exported Successfully
DataMigrationUtility.Export	Information	8	8/20/2022 12:30:06 AM  *********************************************************
