DataMigrationUtility.Export	Information	8	1/5/2023 4:31:17 PM  *********************************************************
DataMigrationUtility.Export	Information	8	1/5/2023 4:31:17 PM  ** BEGIN EXPORT PROCESS **
DataMigrationUtility.Export	Information	8	1/5/2023 4:31:17 PM  ** Log Start local: 1/5/2023 4:31:17 PM, UTC: 1/5/2023 4:31:17 PM
DataMigrationUtility.Export	Information	8	1/5/2023 4:31:17 PM  ** Export Files: False
DataMigrationUtility.Export	Information	8	1/5/2023 4:31:17 PM  Temporary ExportData Directory: C:\Users\VssAdministrator\AppData\Local\Temp\pduijx2f.nvo
DataMigrationUtility.Export	Information	8	1/5/2023 4:31:17 PM  Deserialize Schema information
DataMigrationUtility.Export	Information	8	1/5/2023 4:31:17 PM  Validating schema
DataMigrationUtility.Export	Information	8	1/5/2023 4:31:19 PM  Starting Entity Export Process
DataMigrationUtility.Export	Information	8	1/5/2023 4:31:19 PM  *********************************************************
DataMigrationUtility.Export	Information	8	1/5/2023 4:31:19 PM  ** Exporting Entity fdr_costrecoveryattribute **
DataMigrationUtility.Export	Information	8	1/5/2023 4:31:19 PM  *********************************************************
DataMigrationUtility.Export	Information	8	1/5/2023 4:31:19 PM  Found 40 rows for fdr_costrecoveryattribute entity
DataMigrationUtility.Export	Information	8	1/5/2023 4:31:19 PM  Processing Cost Recovery Attribute rows for 40 to export stream
DataMigrationUtility.Export	Information	8	1/5/2023 4:31:19 PM  *********************************************************
DataMigrationUtility.Export	Information	8	1/5/2023 4:31:19 PM  ** Exporting Entity fdr_containerfunction **
DataMigrationUtility.Export	Information	8	1/5/2023 4:31:19 PM  *********************************************************
DataMigrationUtility.Export	Information	8	1/5/2023 4:31:20 PM  Found 108 rows for fdr_containerfunction entity
DataMigrationUtility.Export	Information	8	1/5/2023 4:31:20 PM  Processing Container Function rows for 108 to export stream
DataMigrationUtility.Export	Information	8	1/5/2023 4:31:20 PM  *********************************************************
DataMigrationUtility.Export	Information	8	1/5/2023 4:31:20 PM  ** Exporting Entity fdr_certification **
DataMigrationUtility.Export	Information	8	1/5/2023 4:31:20 PM  *********************************************************
DataMigrationUtility.Export	Information	8	1/5/2023 4:31:20 PM  Found 11 rows for fdr_certification entity
DataMigrationUtility.Export	Information	8	1/5/2023 4:31:20 PM  Processing FDR Certification rows for 11 to export stream
DataMigrationUtility.Export	Information	8	1/5/2023 4:31:20 PM  *********************************************************
DataMigrationUtility.Export	Information	8	1/5/2023 4:31:20 PM  ** Exporting Entity fdr_program **
DataMigrationUtility.Export	Information	8	1/5/2023 4:31:20 PM  *********************************************************
DataMigrationUtility.Export	Information	8	1/5/2023 4:31:20 PM  Found 5 rows for fdr_program entity
DataMigrationUtility.Export	Information	8	1/5/2023 4:31:20 PM  Processing FDR Program rows for 5 to export stream
DataMigrationUtility.Export	Information	8	1/5/2023 4:31:20 PM  *********************************************************
DataMigrationUtility.Export	Information	8	1/5/2023 4:31:20 PM  ** Exporting Entity fdr_function **
DataMigrationUtility.Export	Information	8	1/5/2023 4:31:20 PM  *********************************************************
DataMigrationUtility.Export	Information	8	1/5/2023 4:31:20 PM  Found 83 rows for fdr_function entity
DataMigrationUtility.Export	Information	8	1/5/2023 4:31:20 PM  Processing Function rows for 83 to export stream
DataMigrationUtility.Export	Information	8	1/5/2023 4:31:20 PM  *********************************************************
DataMigrationUtility.Export	Information	8	1/5/2023 4:31:20 PM  ** Exporting Entity fdr_limitation **
DataMigrationUtility.Export	Information	8	1/5/2023 4:31:20 PM  *********************************************************
DataMigrationUtility.Export	Information	8	1/5/2023 4:31:20 PM  Found 15 rows for fdr_limitation entity
DataMigrationUtility.Export	Information	8	1/5/2023 4:31:20 PM  Processing Limitation rows for 15 to export stream
DataMigrationUtility.Export	Information	8	1/5/2023 4:31:20 PM  *********************************************************
DataMigrationUtility.Export	Information	8	1/5/2023 4:31:20 PM  ** Exporting Entity fdr_containertype **
DataMigrationUtility.Export	Information	8	1/5/2023 4:31:20 PM  *********************************************************
DataMigrationUtility.Export	Information	8	1/5/2023 4:31:20 PM  Found 21 rows for fdr_containertype entity
DataMigrationUtility.Export	Information	8	1/5/2023 4:31:20 PM  Processing Registration Type rows for 21 to export stream
DataMigrationUtility.Export	Information	8	1/5/2023 4:31:20 PM  *********************************************************
DataMigrationUtility.Export	Information	8	1/5/2023 4:31:20 PM  ** Exporting Entity fdr_specification **
DataMigrationUtility.Export	Information	8	1/5/2023 4:31:20 PM  *********************************************************
DataMigrationUtility.Export	Information	8	1/5/2023 4:31:21 PM  Found 346 rows for fdr_specification entity
DataMigrationUtility.Export	Information	8	1/5/2023 4:31:21 PM  Processing Specification rows for 346 to export stream
DataMigrationUtility.Export	Information	8	1/5/2023 4:31:38 PM  *********************************************************
DataMigrationUtility.Export	Information	8	1/5/2023 4:31:38 PM  ** Exporting Entity msdyn_servicetasktype **
DataMigrationUtility.Export	Information	8	1/5/2023 4:31:38 PM  *********************************************************
DataMigrationUtility.Export	Information	8	1/5/2023 4:31:39 PM  Found 10 rows for msdyn_servicetasktype entity
DataMigrationUtility.Export	Information	8	1/5/2023 4:31:39 PM  Processing Service Task Type rows for 10 to export stream
DataMigrationUtility.Export	Information	8	1/5/2023 4:31:39 PM  *********************************************************
DataMigrationUtility.Export	Information	8	1/5/2023 4:31:39 PM  ** Exporting Entity fdr_designmarkingrequirement **
DataMigrationUtility.Export	Information	8	1/5/2023 4:31:39 PM  *********************************************************
DataMigrationUtility.Export	Information	8	1/5/2023 4:31:39 PM  Found 328 rows for fdr_designmarkingrequirement entity
DataMigrationUtility.Export	Information	8	1/5/2023 4:31:39 PM  Processing Design Marking Requirement rows for 328 to export stream
DataMigrationUtility.Export	Information	8	1/5/2023 4:31:39 PM  Exporting of files is disabled. Skipping
DataMigrationUtility.Export	Information	8	1/5/2023 4:31:39 PM  Entity Export Process Complete
DataMigrationUtility.Export	Information	8	1/5/2023 4:31:39 PM  Writting output file : C:\Users\VssAdministrator\AppData\Local\Temp\pduijx2f.nvo\data.xml
DataMigrationUtility.Export	Information	8	1/5/2023 4:31:39 PM  Creating data zip file
DataMigrationUtility.Export	Information	8	1/5/2023 4:31:39 PM  D:\a\_temp/MasterData-FDR.zip Adding C:\Users\VssAdministrator\AppData\Local\Temp\pduijx2f.nvo\data.xml
DataMigrationUtility.Export	Information	8	1/5/2023 4:31:39 PM  D:\a\_temp/MasterData-FDR.zip Adding C:\Users\VssAdministrator\AppData\Local\Temp\pduijx2f.nvo\data_schema.xml
DataMigrationUtility.Export	Information	8	1/5/2023 4:31:39 PM  *********************************************************
DataMigrationUtility.Export	Information	8	1/5/2023 4:31:39 PM  Data Exported Successfully
DataMigrationUtility.Export	Information	8	1/5/2023 4:31:39 PM  *********************************************************
