DataMigrationUtility.Export	Information	8	7/21/2022 1:32:41 PM  *********************************************************
DataMigrationUtility.Export	Information	8	7/21/2022 1:32:41 PM  ** BEGIN EXPORT PROCESS **
DataMigrationUtility.Export	Information	8	7/21/2022 1:32:41 PM  ** Log Start: 07/21/2022 13:32:41
DataMigrationUtility.Export	Information	8	7/21/2022 1:32:41 PM  Deserialize Schema information
DataMigrationUtility.Export	Information	8	7/21/2022 1:32:43 PM  Starting Entity Export Process
DataMigrationUtility.Export	Information	8	7/21/2022 1:32:43 PM  *********************************************************
DataMigrationUtility.Export	Information	8	7/21/2022 1:32:43 PM  ** Exporting Entity fdr_costrecoveryattribute **
DataMigrationUtility.Export	Information	8	7/21/2022 1:32:43 PM  Processing fdr_costrecoveryattribute
DataMigrationUtility.Export	Information	8	7/21/2022 1:32:44 PM  Found 40 rows for fdr_costrecoveryattribute entity
DataMigrationUtility.Export	Information	8	7/21/2022 1:32:44 PM  Processing Cost Recovery Attribute rows for 40 to export stream
DataMigrationUtility.Export	Information	8	7/21/2022 1:32:44 PM  *********************************************************
DataMigrationUtility.Export	Information	8	7/21/2022 1:32:44 PM  ** Exporting Entity fdr_containerfunction **
DataMigrationUtility.Export	Information	8	7/21/2022 1:32:44 PM  Processing fdr_containerfunction
DataMigrationUtility.Export	Information	8	7/21/2022 1:32:44 PM  Found 103 rows for fdr_containerfunction entity
DataMigrationUtility.Export	Information	8	7/21/2022 1:32:44 PM  Processing Container Function rows for 103 to export stream
DataMigrationUtility.Export	Information	8	7/21/2022 1:32:44 PM  *********************************************************
DataMigrationUtility.Export	Information	8	7/21/2022 1:32:44 PM  ** Exporting Entity fdr_containerspec **
DataMigrationUtility.Export	Information	8	7/21/2022 1:32:44 PM  Processing fdr_containerspec
DataMigrationUtility.Export	Information	8	7/21/2022 1:32:44 PM  No Results found from entity fdr_containerspec
DataMigrationUtility.Export	Information	8	7/21/2022 1:32:44 PM  *********************************************************
DataMigrationUtility.Export	Information	8	7/21/2022 1:32:44 PM  ** Exporting Entity fdr_designmarkingrequirement **
DataMigrationUtility.Export	Information	8	7/21/2022 1:32:44 PM  Processing fdr_designmarkingrequirement
DataMigrationUtility.Export	Information	8	7/21/2022 1:32:45 PM  Found 329 rows for fdr_designmarkingrequirement entity
DataMigrationUtility.Export	Information	8	7/21/2022 1:32:45 PM  Processing Design Marking Requirement rows for 329 to export stream
DataMigrationUtility.Export	Information	8	7/21/2022 1:32:45 PM  *********************************************************
DataMigrationUtility.Export	Information	8	7/21/2022 1:32:45 PM  ** Exporting Entity fdr_certification **
DataMigrationUtility.Export	Information	8	7/21/2022 1:32:45 PM  Processing fdr_certification
DataMigrationUtility.Export	Information	8	7/21/2022 1:32:45 PM  Found 3 rows for fdr_certification entity
DataMigrationUtility.Export	Information	8	7/21/2022 1:32:45 PM  Processing FDR Certification rows for 3 to export stream
DataMigrationUtility.Export	Information	8	7/21/2022 1:32:45 PM  *********************************************************
DataMigrationUtility.Export	Information	8	7/21/2022 1:32:45 PM  ** Exporting Entity fdr_program **
DataMigrationUtility.Export	Information	8	7/21/2022 1:32:45 PM  Processing fdr_program
DataMigrationUtility.Export	Information	8	7/21/2022 1:32:45 PM  Found 4 rows for fdr_program entity
DataMigrationUtility.Export	Information	8	7/21/2022 1:32:45 PM  Processing FDR Program rows for 4 to export stream
DataMigrationUtility.Export	Information	8	7/21/2022 1:32:45 PM  *********************************************************
DataMigrationUtility.Export	Information	8	7/21/2022 1:32:45 PM  ** Exporting Entity fdr_function **
DataMigrationUtility.Export	Information	8	7/21/2022 1:32:45 PM  Processing fdr_function
DataMigrationUtility.Export	Information	8	7/21/2022 1:32:45 PM  Found 80 rows for fdr_function entity
DataMigrationUtility.Export	Information	8	7/21/2022 1:32:45 PM  Processing Function rows for 80 to export stream
DataMigrationUtility.Export	Information	8	7/21/2022 1:32:45 PM  *********************************************************
DataMigrationUtility.Export	Information	8	7/21/2022 1:32:45 PM  ** Exporting Entity fdr_limitation **
DataMigrationUtility.Export	Information	8	7/21/2022 1:32:45 PM  Processing fdr_limitation
DataMigrationUtility.Export	Information	8	7/21/2022 1:32:45 PM  Found 7 rows for fdr_limitation entity
DataMigrationUtility.Export	Information	8	7/21/2022 1:32:45 PM  Processing Limitation rows for 7 to export stream
DataMigrationUtility.Export	Information	8	7/21/2022 1:32:45 PM  *********************************************************
DataMigrationUtility.Export	Information	8	7/21/2022 1:32:45 PM  ** Exporting Entity fdr_containertype **
DataMigrationUtility.Export	Information	8	7/21/2022 1:32:45 PM  Processing fdr_containertype
DataMigrationUtility.Export	Information	8	7/21/2022 1:32:45 PM  Found 21 rows for fdr_containertype entity
DataMigrationUtility.Export	Information	8	7/21/2022 1:32:45 PM  Processing Registration Type rows for 21 to export stream
DataMigrationUtility.Export	Information	8	7/21/2022 1:32:45 PM  *********************************************************
DataMigrationUtility.Export	Information	8	7/21/2022 1:32:45 PM  ** Exporting Entity fdr_specification **
DataMigrationUtility.Export	Information	8	7/21/2022 1:32:45 PM  Processing fdr_specification
DataMigrationUtility.Export	Information	8	7/21/2022 1:32:45 PM  Found 346 rows for fdr_specification entity
DataMigrationUtility.Export	Information	8	7/21/2022 1:32:45 PM  Processing Specification rows for 346 to export stream
DataMigrationUtility.Export	Information	8	7/21/2022 1:32:54 PM  Entity Export Process Complete
DataMigrationUtility.Export	Information	8	7/21/2022 1:32:54 PM  Writting output file : D:\a\_temp\data.xml
DataMigrationUtility.Export	Information	8	7/21/2022 1:32:54 PM  D:\a\_temp/MasterData-FDR.zip Adding D:\a\1\s\ConfigurationMigration\schema\data_schema.xml
DataMigrationUtility.Export	Information	8	7/21/2022 1:32:54 PM  D:\a\_temp/MasterData-FDR.zip Adding D:\a\_temp\data.xml
DataMigrationUtility.Export	Information	8	7/21/2022 1:32:54 PM  *********************************************************
DataMigrationUtility.Export	Information	8	7/21/2022 1:32:54 PM  Data Exported Successfully
DataMigrationUtility.Export	Information	8	7/21/2022 1:32:54 PM  *********************************************************
