DataMigrationUtility.Export	Information	8	7/26/2022 5:09:25 PM  *********************************************************
DataMigrationUtility.Export	Information	8	7/26/2022 5:09:25 PM  ** BEGIN EXPORT PROCESS **
DataMigrationUtility.Export	Information	8	7/26/2022 5:09:25 PM  ** Log Start: 07/26/2022 17:09:25
DataMigrationUtility.Export	Information	8	7/26/2022 5:09:25 PM  Deserialize Schema information
DataMigrationUtility.Export	Information	8	7/26/2022 5:09:28 PM  Starting Entity Export Process
DataMigrationUtility.Export	Information	8	7/26/2022 5:09:28 PM  *********************************************************
DataMigrationUtility.Export	Information	8	7/26/2022 5:09:28 PM  ** Exporting Entity fdr_costrecoveryattribute **
DataMigrationUtility.Export	Information	8	7/26/2022 5:09:28 PM  Processing fdr_costrecoveryattribute
DataMigrationUtility.Export	Information	8	7/26/2022 5:09:28 PM  Found 40 rows for fdr_costrecoveryattribute entity
DataMigrationUtility.Export	Information	8	7/26/2022 5:09:28 PM  Processing Cost Recovery Attribute rows for 40 to export stream
DataMigrationUtility.Export	Information	8	7/26/2022 5:09:28 PM  *********************************************************
DataMigrationUtility.Export	Information	8	7/26/2022 5:09:28 PM  ** Exporting Entity fdr_containerfunction **
DataMigrationUtility.Export	Information	8	7/26/2022 5:09:28 PM  Processing fdr_containerfunction
DataMigrationUtility.Export	Information	8	7/26/2022 5:09:28 PM  Found 104 rows for fdr_containerfunction entity
DataMigrationUtility.Export	Information	8	7/26/2022 5:09:28 PM  Processing Container Function rows for 104 to export stream
DataMigrationUtility.Export	Information	8	7/26/2022 5:09:28 PM  *********************************************************
DataMigrationUtility.Export	Information	8	7/26/2022 5:09:28 PM  ** Exporting Entity fdr_designmarkingrequirement **
DataMigrationUtility.Export	Information	8	7/26/2022 5:09:28 PM  Processing fdr_designmarkingrequirement
DataMigrationUtility.Export	Information	8	7/26/2022 5:09:29 PM  Found 329 rows for fdr_designmarkingrequirement entity
DataMigrationUtility.Export	Information	8	7/26/2022 5:09:29 PM  Processing Design Marking Requirement rows for 329 to export stream
DataMigrationUtility.Export	Information	8	7/26/2022 5:09:29 PM  *********************************************************
DataMigrationUtility.Export	Information	8	7/26/2022 5:09:29 PM  ** Exporting Entity fdr_certification **
DataMigrationUtility.Export	Information	8	7/26/2022 5:09:29 PM  Processing fdr_certification
DataMigrationUtility.Export	Information	8	7/26/2022 5:09:29 PM  Found 4 rows for fdr_certification entity
DataMigrationUtility.Export	Information	8	7/26/2022 5:09:29 PM  Processing FDR Certification rows for 4 to export stream
DataMigrationUtility.Export	Information	8	7/26/2022 5:09:29 PM  *********************************************************
DataMigrationUtility.Export	Information	8	7/26/2022 5:09:29 PM  ** Exporting Entity fdr_program **
DataMigrationUtility.Export	Information	8	7/26/2022 5:09:29 PM  Processing fdr_program
DataMigrationUtility.Export	Information	8	7/26/2022 5:09:29 PM  Found 4 rows for fdr_program entity
DataMigrationUtility.Export	Information	8	7/26/2022 5:09:29 PM  Processing FDR Program rows for 4 to export stream
DataMigrationUtility.Export	Information	8	7/26/2022 5:09:29 PM  *********************************************************
DataMigrationUtility.Export	Information	8	7/26/2022 5:09:29 PM  ** Exporting Entity fdr_function **
DataMigrationUtility.Export	Information	8	7/26/2022 5:09:29 PM  Processing fdr_function
DataMigrationUtility.Export	Information	8	7/26/2022 5:09:29 PM  Found 81 rows for fdr_function entity
DataMigrationUtility.Export	Information	8	7/26/2022 5:09:29 PM  Processing Function rows for 81 to export stream
DataMigrationUtility.Export	Information	8	7/26/2022 5:09:29 PM  *********************************************************
DataMigrationUtility.Export	Information	8	7/26/2022 5:09:29 PM  ** Exporting Entity fdr_limitation **
DataMigrationUtility.Export	Information	8	7/26/2022 5:09:29 PM  Processing fdr_limitation
DataMigrationUtility.Export	Information	8	7/26/2022 5:09:29 PM  Found 7 rows for fdr_limitation entity
DataMigrationUtility.Export	Information	8	7/26/2022 5:09:29 PM  Processing Limitation rows for 7 to export stream
DataMigrationUtility.Export	Information	8	7/26/2022 5:09:29 PM  *********************************************************
DataMigrationUtility.Export	Information	8	7/26/2022 5:09:29 PM  ** Exporting Entity fdr_containertype **
DataMigrationUtility.Export	Information	8	7/26/2022 5:09:29 PM  Processing fdr_containertype
DataMigrationUtility.Export	Information	8	7/26/2022 5:09:29 PM  Found 21 rows for fdr_containertype entity
DataMigrationUtility.Export	Information	8	7/26/2022 5:09:29 PM  Processing Registration Type rows for 21 to export stream
DataMigrationUtility.Export	Information	8	7/26/2022 5:09:29 PM  *********************************************************
DataMigrationUtility.Export	Information	8	7/26/2022 5:09:29 PM  ** Exporting Entity fdr_specification **
DataMigrationUtility.Export	Information	8	7/26/2022 5:09:29 PM  Processing fdr_specification
DataMigrationUtility.Export	Information	8	7/26/2022 5:09:29 PM  Found 346 rows for fdr_specification entity
DataMigrationUtility.Export	Information	8	7/26/2022 5:09:29 PM  Processing Specification rows for 346 to export stream
DataMigrationUtility.Export	Information	8	7/26/2022 5:09:40 PM  Entity Export Process Complete
DataMigrationUtility.Export	Information	8	7/26/2022 5:09:40 PM  Writting output file : D:\a\_temp\data.xml
DataMigrationUtility.Export	Information	8	7/26/2022 5:09:41 PM  D:\a\_temp/MasterData-FDR.zip Adding D:\a\1\s\ConfigurationMigration\schema\data_schema.xml
DataMigrationUtility.Export	Information	8	7/26/2022 5:09:41 PM  D:\a\_temp/MasterData-FDR.zip Adding D:\a\_temp\data.xml
DataMigrationUtility.Export	Information	8	7/26/2022 5:09:41 PM  *********************************************************
DataMigrationUtility.Export	Information	8	7/26/2022 5:09:41 PM  Data Exported Successfully
DataMigrationUtility.Export	Information	8	7/26/2022 5:09:41 PM  *********************************************************
